[debug] > Exec(early(addDefaultCommands), None, None)
[debug] > Exec(addDefaultCommands, None, None)
[debug] > Exec(early(initialize), None, None)
[debug] > Exec(initialize, None, None)
[debug] > Exec(early(addPluginSbtFile="""C:\Users\taita\AppData\Local\Temp\idea1.sbt"""), None, None)
[debug] > Exec(addPluginSbtFile="""C:\Users\taita\AppData\Local\Temp\idea1.sbt""", None, None)
[debug] > Exec(boot, None, None)
[debug] > Exec(writeSbtVersion, None, None)
[debug] > Exec(reload, None, None)
[debug] > Exec(sbtStashOnFailure, None, None)
[debug] > Exec(onFailure loadFailed, None, None)
[debug] > Exec(loadp, None, None)
[info] welcome to sbt 1.10.2 (Oracle Corporation Java 21.0.1)
[debug] Load.defaultLoad until apply took 227.1143ms
[debug]           Load.loadUnit: plugins took 98.3712ms
[debug]           Load.loadUnit: defsScala took 0.436ms
[debug] [Loading] Scanning directory C:\Users\taita\IdeaProjects\LLMProject1\project
[debug]             Load.loadUnit: mkEval took 5.7747ms
[debug] [Loading] Found non-root projects 
[debug] [Loading] Done in C:\Users\taita\IdeaProjects\LLMProject1\project, returning: ()
[debug] deducing auto plugins based on known facts Set(Atom(sbt.plugins.CorePlugin)) and clauses Clauses(Clause(Atom(sbt.plugins.JvmPlugin),Set(Atom(sbt.plugins.IvyPlugin)))
[debug] Clause(Atom(sbt.ScriptedPlugin),Set(Atom(sbt.plugins.JvmPlugin)))
[debug] Clause(Atom(sbt.plugins.SbtPlugin),Set(Atom(sbt.ScriptedPlugin)))
[debug] Clause(Atom(sbt.plugins.SemanticdbPlugin),Set(Atom(sbt.plugins.JvmPlugin)))
[debug] Clause(Atom(sbt.plugins.JUnitXmlReportPlugin),Set(Atom(sbt.plugins.JvmPlugin)))
[debug] Clause(Atom(sbt.plugins.MiniDependencyTreePlugin),Set(Atom(sbt.plugins.JvmPlugin)))
[debug] Clause(Atom(sbt.plugins.CorePlugin),Set(Atom(sbt.plugins.IvyPlugin)))
[debug] Clause(Atom(sbt.plugins.IvyPlugin),Set(Atom(sbt.plugins.JvmPlugin)))
[debug] Clause(Atom(sbt.plugins.JvmPlugin),Set(Atom(sbt.plugins.SemanticdbPlugin)))
[debug] Clause(Atom(sbt.plugins.JvmPlugin),Set(Atom(sbt.plugins.JUnitXmlReportPlugin)))
[debug] Clause(Atom(sbt.plugins.CorePlugin),Set(Atom(sbt.plugins.Giter8TemplatePlugin)))
[debug] Clause(Atom(sbt.plugins.JvmPlugin),Set(Atom(sbt.plugins.MiniDependencyTreePlugin))))
[debug]   :: deduced result: Matched(sbt.plugins.CorePlugin,sbt.plugins.Giter8TemplatePlugin,sbt.plugins.IvyPlugin,sbt.plugins.JvmPlugin,sbt.plugins.MiniDependencyTreePlugin,sbt.plugins.JUnitXmlReportPlugin,sbt.plugins.SemanticdbPlugin)
[debug] Plugins.deducer#function took 13.7345 ms
[info] loading settings for project llmproject1-build from idea1.sbt ...
[debug]               Load.resolveProject(llmproject1-build) took 49.6028ms
[debug]             Load.loadTransitive: finalizeProject(Project(id llmproject1-build, base: C:\Users\taita\IdeaProjects\LLMProject1\project, plugins: List(<none>))) took 104.4301ms
[debug] [Loading] Done in C:\Users\taita\IdeaProjects\LLMProject1\project, returning: (llmproject1-build)
[debug]           Load.loadUnit: loadedProjectsRaw took 412.0655ms
[debug]           Load.loadUnit: cleanEvalClasses took 11.2917ms
[debug]         Load.loadUnit(file:/C:/Users/taita/IdeaProjects/LLMProject1/project/, ...) took 546.0801ms
[debug]       Load.apply: load took 833.0581ms
[debug]       Load.apply: resolveProjects took 4.4829ms
[debug]       Load.apply: finalTransforms took 180.2437ms
[debug]       Load.apply: config.delegates took 17.102ms
[debug]       Load.apply: Def.make(settings)... took 1275.9039ms
[debug]       Load.apply: structureIndex took 145.2128ms
[debug]       Load.apply: mkStreams took 6.9031ms
[info] loading project definition from C:\Users\taita\IdeaProjects\LLMProject1\project
[debug] Running task... Cancel: Signal, check cycles: false, forcegc: true
[debug]     Load.loadUnit: plugins took 5217.6099ms
[debug]     Load.loadUnit: defsScala took 0.0023ms
[debug] [Loading] Scanning directory C:\Users\taita\IdeaProjects\LLMProject1
[debug]       Load.loadUnit: mkEval took 0.1812ms
[debug] [Loading] Found root project root w/ remaining 
[debug] deducing auto plugins based on known facts Set(Atom(sbt.plugins.CorePlugin)) and clauses Clauses(Clause(Atom(sbt.plugins.JvmPlugin),Set(Atom(sbt.plugins.IvyPlugin)))
[debug] Clause(Atom(sbt.ScriptedPlugin),Set(Atom(sbt.plugins.JvmPlugin)))
[debug] Clause(Atom(sbt.plugins.SbtPlugin),Set(Atom(sbt.ScriptedPlugin)))
[debug] Clause(Atom(sbt.plugins.SemanticdbPlugin),Set(Atom(sbt.plugins.JvmPlugin)))
[debug] Clause(Atom(sbt.plugins.JUnitXmlReportPlugin),Set(Atom(sbt.plugins.JvmPlugin)))
[debug] Clause(Atom(sbt.plugins.MiniDependencyTreePlugin),Set(Atom(sbt.plugins.JvmPlugin)))
[debug] Clause(Atom(org.jetbrains.sbt.StructurePlugin),Set(Atom(sbt.plugins.JvmPlugin)))
[debug] Clause(Atom(org.jetbrains.sbt.IdeaShellPlugin),Set(Atom(sbt.plugins.JvmPlugin)))
[debug] Clause(Atom(org.jetbrains.sbt.indices.SbtIntellijIndicesPlugin),Set(Atom(sbt.plugins.JvmPlugin)))
[debug] Clause(Atom(sbt.plugins.CorePlugin),Set(Atom(sbt.plugins.IvyPlugin)))
[debug] Clause(Atom(sbt.plugins.IvyPlugin),Set(Atom(sbt.plugins.JvmPlugin)))
[debug] Clause(Atom(sbt.plugins.JvmPlugin),Set(Atom(sbt.plugins.SemanticdbPlugin)))
[debug] Clause(Atom(sbt.plugins.JvmPlugin),Set(Atom(sbt.plugins.JUnitXmlReportPlugin)))
[debug] Clause(Atom(sbt.plugins.CorePlugin),Set(Atom(sbt.plugins.Giter8TemplatePlugin)))
[debug] Clause(Atom(sbt.plugins.JvmPlugin),Set(Atom(sbt.plugins.MiniDependencyTreePlugin)))
[debug] Clause(Atom(sbt.plugins.JvmPlugin),Set(Atom(org.jetbrains.sbt.StructurePlugin)))
[debug] Clause(Atom(sbt.plugins.JvmPlugin),Set(Atom(org.jetbrains.sbt.IdeaShellPlugin)))
[debug] Clause(And(Set(Atom(sbt.plugins.CorePlugin), Atom(sbt.plugins.JvmPlugin))),Set(Atom(org.jetbrains.sbt.indices.SbtIntellijIndicesPlugin))))
[debug]   :: deduced result: Matched(sbt.plugins.CorePlugin,sbt.plugins.Giter8TemplatePlugin,sbt.plugins.IvyPlugin,sbt.plugins.JvmPlugin,sbt.plugins.SemanticdbPlugin,org.jetbrains.sbt.indices.SbtIntellijIndicesPlugin,sbt.plugins.JUnitXmlReportPlugin,org.jetbrains.sbt.IdeaShellPlugin,org.jetbrains.sbt.StructurePlugin,sbt.plugins.MiniDependencyTreePlugin)
[debug] Plugins.deducer#function took 4.4465 ms
[info] loading settings for project root from build.sbt ...
[debug]         Load.resolveProject(root) took 30.9162ms
[debug]       Load.loadTransitive: finalizeProject(Project(id root, base: C:\Users\taita\IdeaProjects\LLMProject1, plugins: List(<none>))) took 38.669ms
[debug] [Loading] Done in C:\Users\taita\IdeaProjects\LLMProject1, returning: (root)
[debug]     Load.loadUnit: loadedProjectsRaw took 5312.7142ms
[debug]     Load.loadUnit: cleanEvalClasses took 23.3591ms
[debug]   Load.loadUnit(file:/C:/Users/taita/IdeaProjects/LLMProject1/, ...) took 10555.7634ms
[debug] Load.apply: load took 10581.237ms
[debug] Load.apply: resolveProjects took 0.1918ms
[debug] Load.apply: finalTransforms took 90.4934ms
[debug] Load.apply: config.delegates took 0.4738ms
[debug] Load.apply: Def.make(settings)... took 197.8326ms
[debug] Load.apply: structureIndex took 44.7507ms
[debug] Load.apply: mkStreams took 0.0041ms
[info] set current project to LLMProject1 (in build file:/C:/Users/taita/IdeaProjects/LLMProject1/)
[debug] > Exec(sbtPopOnFailure, None, None)
[debug] > Exec(resumeFromFailure, None, None)
[debug] > Exec(notifyUsersAboutShell, None, None)
[debug] > Exec(iflast shell, None, None)
[debug] > Exec(; set ideaPort in Global := 59199 ; idea-shell, None, None)
[debug] > Exec(set ideaPort in Global := 59199, None, None)
[info] Defining Global / ideaPort
[info] The new value will be used by Compile / compile, Test / compile
[debug] Defining 
[debug] 	Global / ideaPort
[debug] 
[debug] The new value will be used by 
[debug] 	Compile / compile
[debug] 	Test / compile
[info] Reapplying settings...
[info] set current project to LLMProject1 (in build file:/C:/Users/taita/IdeaProjects/LLMProject1/)
[debug] > Exec(idea-shell, None, None)
