[debug] > Exec(early(addDefaultCommands), None, None)
[debug] > Exec(addDefaultCommands, None, None)
[debug] > Exec(early(initialize), None, None)
[debug] > Exec(initialize, None, None)
[debug] > Exec(early(addPluginSbtFile="""C:\Users\taita\AppData\Local\Temp\idea2.sbt"""), None, None)
[debug] > Exec(addPluginSbtFile="""C:\Users\taita\AppData\Local\Temp\idea2.sbt""", None, None)
[debug] > Exec(boot, None, None)
[debug] > Exec(writeSbtVersion, None, None)
[debug] > Exec(reload, None, None)
[debug] > Exec(sbtStashOnFailure, None, None)
[debug] > Exec(onFailure loadFailed, None, None)
[debug] > Exec(loadp, None, None)
[info] welcome to sbt 1.10.2 (Oracle Corporation Java 21.0.1)
[debug] Load.defaultLoad until apply took 315.2444ms
[debug]           Load.loadUnit: plugins took 161.3778ms
[debug]           Load.loadUnit: defsScala took 0.6608ms
[debug] [Loading] Scanning directory C:\Users\taita\IdeaProjects\LLMProject1\project
[debug]             Load.loadUnit: mkEval took 11.9714ms
[debug] [Loading] Found non-root projects 
[debug] [Loading] Done in C:\Users\taita\IdeaProjects\LLMProject1\project, returning: ()
[debug] deducing auto plugins based on known facts Set(Atom(sbt.plugins.CorePlugin)) and clauses Clauses(Clause(Atom(sbt.plugins.JvmPlugin),Set(Atom(sbt.plugins.IvyPlugin)))
[debug] Clause(Atom(sbt.ScriptedPlugin),Set(Atom(sbt.plugins.JvmPlugin)))
[debug] Clause(Atom(sbt.plugins.SbtPlugin),Set(Atom(sbt.ScriptedPlugin)))
[debug] Clause(Atom(sbt.plugins.SemanticdbPlugin),Set(Atom(sbt.plugins.JvmPlugin)))
[debug] Clause(Atom(sbt.plugins.JUnitXmlReportPlugin),Set(Atom(sbt.plugins.JvmPlugin)))
[debug] Clause(Atom(sbt.plugins.MiniDependencyTreePlugin),Set(Atom(sbt.plugins.JvmPlugin)))
[debug] Clause(Atom(sbt.plugins.CorePlugin),Set(Atom(sbt.plugins.IvyPlugin)))
[debug] Clause(Atom(sbt.plugins.IvyPlugin),Set(Atom(sbt.plugins.JvmPlugin)))
[debug] Clause(Atom(sbt.plugins.JvmPlugin),Set(Atom(sbt.plugins.SemanticdbPlugin)))
[debug] Clause(Atom(sbt.plugins.JvmPlugin),Set(Atom(sbt.plugins.JUnitXmlReportPlugin)))
[debug] Clause(Atom(sbt.plugins.CorePlugin),Set(Atom(sbt.plugins.Giter8TemplatePlugin)))
[debug] Clause(Atom(sbt.plugins.JvmPlugin),Set(Atom(sbt.plugins.MiniDependencyTreePlugin))))
[debug]   :: deduced result: Matched(sbt.plugins.CorePlugin,sbt.plugins.Giter8TemplatePlugin,sbt.plugins.IvyPlugin,sbt.plugins.JvmPlugin,sbt.plugins.MiniDependencyTreePlugin,sbt.plugins.JUnitXmlReportPlugin,sbt.plugins.SemanticdbPlugin)
[debug] Plugins.deducer#function took 22.3956 ms
[info] loading settings for project llmproject1-build from idea2.sbt ...
[debug]               Load.resolveProject(llmproject1-build) took 76.4881ms
[debug]             Load.loadTransitive: finalizeProject(Project(id llmproject1-build, base: C:\Users\taita\IdeaProjects\LLMProject1\project, plugins: List(<none>))) took 125.0689ms
[debug] [Loading] Done in C:\Users\taita\IdeaProjects\LLMProject1\project, returning: (llmproject1-build)
[debug]           Load.loadUnit: loadedProjectsRaw took 561.2784ms
[debug]           Load.loadUnit: cleanEvalClasses took 16.5461ms
[debug]         Load.loadUnit(file:/C:/Users/taita/IdeaProjects/LLMProject1/project/, ...) took 755.4569ms
[debug]       Load.apply: load took 1023.856ms
[debug]       Load.apply: resolveProjects took 7.1979ms
[debug]       Load.apply: finalTransforms took 107.2742ms
[debug]       Load.apply: config.delegates took 13.7109ms
[debug]       Load.apply: Def.make(settings)... took 866.1492ms
[debug]       Load.apply: structureIndex took 278.2644ms
[debug]       Load.apply: mkStreams took 7.7242ms
[info] loading project definition from C:\Users\taita\IdeaProjects\LLMProject1\project
[debug] Running task... Cancel: Signal, check cycles: false, forcegc: true
[debug]     Load.loadUnit: plugins took 6948.4043ms
[debug]     Load.loadUnit: defsScala took 0.008ms
[debug] [Loading] Scanning directory C:\Users\taita\IdeaProjects\LLMProject1
[debug]       Load.loadUnit: mkEval took 0.5995ms
[debug] [Loading] Found root project root w/ remaining 
[debug] deducing auto plugins based on known facts Set(Atom(sbt.plugins.CorePlugin)) and clauses Clauses(Clause(Atom(sbt.plugins.JvmPlugin),Set(Atom(sbt.plugins.IvyPlugin)))
[debug] Clause(Atom(sbt.ScriptedPlugin),Set(Atom(sbt.plugins.JvmPlugin)))
[debug] Clause(Atom(sbt.plugins.SbtPlugin),Set(Atom(sbt.ScriptedPlugin)))
[debug] Clause(Atom(sbt.plugins.SemanticdbPlugin),Set(Atom(sbt.plugins.JvmPlugin)))
[debug] Clause(Atom(sbt.plugins.JUnitXmlReportPlugin),Set(Atom(sbt.plugins.JvmPlugin)))
[debug] Clause(Atom(sbt.plugins.MiniDependencyTreePlugin),Set(Atom(sbt.plugins.JvmPlugin)))
[debug] Clause(Atom(org.jetbrains.sbt.StructurePlugin),Set(Atom(sbt.plugins.JvmPlugin)))
[debug] Clause(Atom(org.jetbrains.sbt.IdeaShellPlugin),Set(Atom(sbt.plugins.JvmPlugin)))
[debug] Clause(Atom(org.jetbrains.sbt.indices.SbtIntellijIndicesPlugin),Set(Atom(sbt.plugins.JvmPlugin)))
[debug] Clause(Atom(sbt.plugins.CorePlugin),Set(Atom(sbt.plugins.IvyPlugin)))
[debug] Clause(Atom(sbt.plugins.IvyPlugin),Set(Atom(sbt.plugins.JvmPlugin)))
[debug] Clause(Atom(sbt.plugins.JvmPlugin),Set(Atom(sbt.plugins.SemanticdbPlugin)))
[debug] Clause(Atom(sbt.plugins.JvmPlugin),Set(Atom(sbt.plugins.JUnitXmlReportPlugin)))
[debug] Clause(Atom(sbt.plugins.CorePlugin),Set(Atom(sbt.plugins.Giter8TemplatePlugin)))
[debug] Clause(Atom(sbt.plugins.JvmPlugin),Set(Atom(sbt.plugins.MiniDependencyTreePlugin)))
[debug] Clause(Atom(sbt.plugins.JvmPlugin),Set(Atom(org.jetbrains.sbt.StructurePlugin)))
[debug] Clause(Atom(sbt.plugins.JvmPlugin),Set(Atom(org.jetbrains.sbt.IdeaShellPlugin)))
[debug] Clause(And(Set(Atom(sbt.plugins.CorePlugin), Atom(sbt.plugins.JvmPlugin))),Set(Atom(org.jetbrains.sbt.indices.SbtIntellijIndicesPlugin))))
[debug]   :: deduced result: Matched(sbt.plugins.CorePlugin,sbt.plugins.Giter8TemplatePlugin,sbt.plugins.IvyPlugin,sbt.plugins.JvmPlugin,sbt.plugins.SemanticdbPlugin,org.jetbrains.sbt.indices.SbtIntellijIndicesPlugin,sbt.plugins.JUnitXmlReportPlugin,org.jetbrains.sbt.IdeaShellPlugin,org.jetbrains.sbt.StructurePlugin,sbt.plugins.MiniDependencyTreePlugin)
[debug] Plugins.deducer#function took 8.3702 ms
[info] loading settings for project root from build.sbt ...
[debug]         Load.resolveProject(root) took 199.2488ms
[debug]       Load.loadTransitive: finalizeProject(Project(id root, base: C:\Users\taita\IdeaProjects\LLMProject1, plugins: List(<none>))) took 211.7916ms
[debug] [Loading] Done in C:\Users\taita\IdeaProjects\LLMProject1, returning: (root)
[debug]     Load.loadUnit: loadedProjectsRaw took 12701.7391ms
[debug]     Load.loadUnit: cleanEvalClasses took 79.0704ms
[debug]   Load.loadUnit(file:/C:/Users/taita/IdeaProjects/LLMProject1/, ...) took 19733.275ms
[debug] Load.apply: load took 19772.624ms
[debug] Load.apply: resolveProjects took 0.2994ms
[debug] Load.apply: finalTransforms took 123.214ms
[debug] Load.apply: config.delegates took 0.7727ms
[debug] Load.apply: Def.make(settings)... took 855.3681ms
[debug] Load.apply: structureIndex took 213.2254ms
[debug] Load.apply: mkStreams took 0.0079ms
[info] set current project to LLMProject1 (in build file:/C:/Users/taita/IdeaProjects/LLMProject1/)
[debug] > Exec(sbtPopOnFailure, None, None)
[debug] > Exec(resumeFromFailure, None, None)
[debug] > Exec(notifyUsersAboutShell, None, None)
[debug] > Exec(iflast shell, None, None)
[debug] > Exec(; set ideaPort in Global := 58990 ; idea-shell, None, None)
[debug] > Exec(set ideaPort in Global := 58990, None, None)
[info] Defining Global / ideaPort
[info] The new value will be used by Compile / compile, Test / compile
[debug] Defining 
[debug] 	Global / ideaPort
[debug] 
[debug] The new value will be used by 
[debug] 	Compile / compile
[debug] 	Test / compile
[info] Reapplying settings...
[info] set current project to LLMProject1 (in build file:/C:/Users/taita/IdeaProjects/LLMProject1/)
[debug] > Exec(idea-shell, None, None)
